<?xml version="1.0" encoding="utf-8"?><testsuites><testsuite name="pytest" errors="0" failures="0" skipped="0" tests="0" time="0.069" timestamp="2024-06-06T00:56:50.821752" hostname="Kodys-MBP" /></testsuites>